<?xml version="1.0" encoding="UTF-8"?>
<testsuite xmlns:xsi="http://www.w3.org/2001/XMLSchema-instance" xsi:noNamespaceSchemaLocation="https://maven.apache.org/surefire/maven-surefire-plugin/xsd/surefire-test-report-3.0.xsd" version="3.0" name="hrmstepdefinations.RunnerTest" time="89.779" tests="10" errors="0" skipped="0" failures="2">
  <properties>
[...]
</properties>
  <testcase name="verify HRM Username Field" classname="Test HRM APP" time="13.481">
    <system-out><![CDATA[
@All @Smoke
Scenario: verify HRM Username Field                 # src/test/resources/hrm/hrmapp.feature:6
  Given user need to be HRM homepage                # hrmstepdefinations.ActionPage.user_need_to_be_hrm_homepage()
  When user enter username                          # hrmstepdefinations.ActionPage.user_enter_username()
  Then verify username contains entered text or not # hrmstepdefinations.ActionPage.verify_username_contains_entered_text_or_not()
]]></system-out>
    <system-err><![CDATA[SLF4J: Failed to load class "org.slf4j.impl.StaticLoggerBinder".
SLF4J: Defaulting to no-operation (NOP) logger implementation
SLF4J: See http://www.slf4j.org/codes.html#StaticLoggerBinder for further details.
Starting ChromeDriver 105.0.5195.52 (412c95e518836d8a7d97250d62b29c2ae6a26a85-refs/branch-heads/5195@{#853}) on port 56895
Only local connections are allowed.
Please see https://chromedriver.chromium.org/security-considerations for suggestions on keeping ChromeDriver safe.
ChromeDriver was started successfully.
Sep 12, 2022 9:50:21 PM org.openqa.selenium.remote.ProtocolHandshake createSession
INFO: Detected upstream dialect: W3C
Sep 12, 2022 9:50:21 PM org.openqa.selenium.devtools.CdpVersionFinder findNearestMatch
WARNING: Unable to find an exact match for CDP version 105, so returning the closest version found: 104
Sep 12, 2022 9:50:21 PM org.openqa.selenium.devtools.CdpVersionFinder findNearestMatch
INFO: Found CDP implementation for version 105 of 104
]]></system-err>
  </testcase>
  <testcase name="verify HRM Password Field" classname="Test HRM APP" time="11.603">
    <system-out><![CDATA[
@All @Sanity
Scenario: verify HRM Password Field                 # src/test/resources/hrm/hrmapp.feature:11
  Given user need to be HRM homepage                # hrmstepdefinations.ActionPage.user_need_to_be_hrm_homepage()
  When user enter password "admin123"               # hrmstepdefinations.ActionPage.user_enter_password(java.lang.String)
  Then verify password contains entered text or not # hrmstepdefinations.ActionPage.verify_password_contains_entered_text_or_not()
]]></system-out>
    <system-err><![CDATA[Starting ChromeDriver 105.0.5195.52 (412c95e518836d8a7d97250d62b29c2ae6a26a85-refs/branch-heads/5195@{#853}) on port 61230
Only local connections are allowed.
Please see https://chromedriver.chromium.org/security-considerations for suggestions on keeping ChromeDriver safe.
ChromeDriver was started successfully.
Sep 12, 2022 9:50:33 PM org.openqa.selenium.remote.ProtocolHandshake createSession
INFO: Detected upstream dialect: W3C
Sep 12, 2022 9:50:33 PM org.openqa.selenium.devtools.CdpVersionFinder findNearestMatch
WARNING: Unable to find an exact match for CDP version 105, so returning the closest version found: 104
Sep 12, 2022 9:50:33 PM org.openqa.selenium.devtools.CdpVersionFinder findNearestMatch
INFO: Found CDP implementation for version 105 of 104
]]></system-err>
  </testcase>
  <testcase name="verify login button functionality with valid data" classname="Test HRM APP" time="9.613">
    <system-out><![CDATA[
@All @Smoke @Sanity
Scenario: verify login button functionality with valid data # src/test/resources/hrm/hrmapp.feature:16
  Given user need to be HRM homepage                        # hrmstepdefinations.ActionPage.user_need_to_be_hrm_homepage()
  When user enter hrm username "0"                          # hrmstepdefinations.ActionPage.user_enter_hrm_username(java.lang.String,io.cucumber.datatable.DataTable)
    | Admin |
    | xyzz  |
  When user enter hrm password "0"                          # hrmstepdefinations.ActionPage.user_enter_hrm_password(java.lang.String,io.cucumber.datatable.DataTable)
    | admin123 |
    | xyzz     |
  And click on login                                        # hrmstepdefinations.ActionPage.click_on_login()
  Then verify dashboard must open                           # hrmstepdefinations.ActionPage.verify_dashboard_must_open()
]]></system-out>
    <system-err><![CDATA[Starting ChromeDriver 105.0.5195.52 (412c95e518836d8a7d97250d62b29c2ae6a26a85-refs/branch-heads/5195@{#853}) on port 50418
Only local connections are allowed.
Please see https://chromedriver.chromium.org/security-considerations for suggestions on keeping ChromeDriver safe.
ChromeDriver was started successfully.
Sep 12, 2022 9:50:44 PM org.openqa.selenium.remote.ProtocolHandshake createSession
INFO: Detected upstream dialect: W3C
Sep 12, 2022 9:50:44 PM org.openqa.selenium.devtools.CdpVersionFinder findNearestMatch
WARNING: Unable to find an exact match for CDP version 105, so returning the closest version found: 104
Sep 12, 2022 9:50:44 PM org.openqa.selenium.devtools.CdpVersionFinder findNearestMatch
INFO: Found CDP implementation for version 105 of 104
]]></system-err>
  </testcase>
  <testcase name="verify login button functionality with invalid data" classname="Test HRM APP" time="7.011">
    <system-out><![CDATA[
@All @Retesting
Scenario: verify login button functionality with invalid data # src/test/resources/hrm/hrmapp.feature:27
  Given user need to be HRM homepage                          # hrmstepdefinations.ActionPage.user_need_to_be_hrm_homepage()
  When user enter hrm username "1"                            # hrmstepdefinations.ActionPage.user_enter_hrm_username(java.lang.String,io.cucumber.datatable.DataTable)
    | Admin |
    | xyzz  |
  When user enter hrm password "1"                            # hrmstepdefinations.ActionPage.user_enter_hrm_password(java.lang.String,io.cucumber.datatable.DataTable)
    | admin123 |
    | xyzz     |
  And click on login                                          # hrmstepdefinations.ActionPage.click_on_login()
  Then verify invalid credentials error msg is visible        # hrmstepdefinations.ActionPage.verify_invalid_credentials_error_msg_is_visible()
]]></system-out>
    <system-err><![CDATA[Starting ChromeDriver 105.0.5195.52 (412c95e518836d8a7d97250d62b29c2ae6a26a85-refs/branch-heads/5195@{#853}) on port 55607
Only local connections are allowed.
Please see https://chromedriver.chromium.org/security-considerations for suggestions on keeping ChromeDriver safe.
ChromeDriver was started successfully.
Sep 12, 2022 9:50:54 PM org.openqa.selenium.remote.ProtocolHandshake createSession
INFO: Detected upstream dialect: W3C
Sep 12, 2022 9:50:54 PM org.openqa.selenium.devtools.CdpVersionFinder findNearestMatch
WARNING: Unable to find an exact match for CDP version 105, so returning the closest version found: 104
Sep 12, 2022 9:50:54 PM org.openqa.selenium.devtools.CdpVersionFinder findNearestMatch
INFO: Found CDP implementation for version 105 of 104
]]></system-err>
  </testcase>
  <testcase name="verify login button functionality with valid and invalid data #1" classname="Test HRM APP" time="9.257">
    <system-out><![CDATA[
@All @Risktesting
Scenario Outline: verify login button functionality with valid and invalid data # src/test/resources/hrm/hrmapp.feature:46
  Given user need to be HRM homepage                                            # hrmstepdefinations.ActionPage.user_need_to_be_hrm_homepage()
  When user enter orange hrm username as "Admin"                                # hrmstepdefinations.ActionPage.user_enter_orange_hrm_username_as(java.lang.String)
  And user enter orange hrm password as "admin123"                              # hrmstepdefinations.ActionPage.user_enter_orange_hrm_password_as(java.lang.String)
  And click on login                                                            # hrmstepdefinations.ActionPage.click_on_login()
  Then verify result page must contain either error msg or employeelist url     # hrmstepdefinations.ActionPage.verify_result_page_must_contain_either_error_msg_or_employeelist_url()
]]></system-out>
    <system-err><![CDATA[Starting ChromeDriver 105.0.5195.52 (412c95e518836d8a7d97250d62b29c2ae6a26a85-refs/branch-heads/5195@{#853}) on port 56583
Only local connections are allowed.
Please see https://chromedriver.chromium.org/security-considerations for suggestions on keeping ChromeDriver safe.
ChromeDriver was started successfully.
Sep 12, 2022 9:51:01 PM org.openqa.selenium.remote.ProtocolHandshake createSession
INFO: Detected upstream dialect: W3C
Sep 12, 2022 9:51:01 PM org.openqa.selenium.devtools.CdpVersionFinder findNearestMatch
WARNING: Unable to find an exact match for CDP version 105, so returning the closest version found: 104
Sep 12, 2022 9:51:01 PM org.openqa.selenium.devtools.CdpVersionFinder findNearestMatch
INFO: Found CDP implementation for version 105 of 104
]]></system-err>
  </testcase>
  <testcase name="verify login button functionality with valid and invalid data #2" classname="Test HRM APP" time="8.509">
    <system-out><![CDATA[
@All @Risktesting
Scenario Outline: verify login button functionality with valid and invalid data # src/test/resources/hrm/hrmapp.feature:47
  Given user need to be HRM homepage                                            # hrmstepdefinations.ActionPage.user_need_to_be_hrm_homepage()
  When user enter orange hrm username as "Xyz"                                  # hrmstepdefinations.ActionPage.user_enter_orange_hrm_username_as(java.lang.String)
  And user enter orange hrm password as "xyz"                                   # hrmstepdefinations.ActionPage.user_enter_orange_hrm_password_as(java.lang.String)
  And click on login                                                            # hrmstepdefinations.ActionPage.click_on_login()
  Then verify result page must contain either error msg or employeelist url     # hrmstepdefinations.ActionPage.verify_result_page_must_contain_either_error_msg_or_employeelist_url()
]]></system-out>
    <system-err><![CDATA[Starting ChromeDriver 105.0.5195.52 (412c95e518836d8a7d97250d62b29c2ae6a26a85-refs/branch-heads/5195@{#853}) on port 59156
Only local connections are allowed.
Please see https://chromedriver.chromium.org/security-considerations for suggestions on keeping ChromeDriver safe.
ChromeDriver was started successfully.
Sep 12, 2022 9:51:10 PM org.openqa.selenium.remote.ProtocolHandshake createSession
INFO: Detected upstream dialect: W3C
Sep 12, 2022 9:51:10 PM org.openqa.selenium.devtools.CdpVersionFinder findNearestMatch
WARNING: Unable to find an exact match for CDP version 105, so returning the closest version found: 104
Sep 12, 2022 9:51:10 PM org.openqa.selenium.devtools.CdpVersionFinder findNearestMatch
INFO: Found CDP implementation for version 105 of 104
]]></system-err>
  </testcase>
  <testcase name="verify login button functionality with valid and invalid data #3" classname="Test HRM APP" time="9.429">
    <system-out><![CDATA[
@All @Risktesting
Scenario Outline: verify login button functionality with valid and invalid data # src/test/resources/hrm/hrmapp.feature:48
  Given user need to be HRM homepage                                            # hrmstepdefinations.ActionPage.user_need_to_be_hrm_homepage()
  When user enter orange hrm username as "Admin"                                # hrmstepdefinations.ActionPage.user_enter_orange_hrm_username_as(java.lang.String)
  And user enter orange hrm password as "admin123"                              # hrmstepdefinations.ActionPage.user_enter_orange_hrm_password_as(java.lang.String)
  And click on login                                                            # hrmstepdefinations.ActionPage.click_on_login()
  Then verify result page must contain either error msg or employeelist url     # hrmstepdefinations.ActionPage.verify_result_page_must_contain_either_error_msg_or_employeelist_url()
]]></system-out>
    <system-err><![CDATA[Starting ChromeDriver 105.0.5195.52 (412c95e518836d8a7d97250d62b29c2ae6a26a85-refs/branch-heads/5195@{#853}) on port 57840
Only local connections are allowed.
Please see https://chromedriver.chromium.org/security-considerations for suggestions on keeping ChromeDriver safe.
ChromeDriver was started successfully.
Sep 12, 2022 9:51:18 PM org.openqa.selenium.remote.ProtocolHandshake createSession
INFO: Detected upstream dialect: W3C
Sep 12, 2022 9:51:18 PM org.openqa.selenium.devtools.CdpVersionFinder findNearestMatch
WARNING: Unable to find an exact match for CDP version 105, so returning the closest version found: 104
Sep 12, 2022 9:51:18 PM org.openqa.selenium.devtools.CdpVersionFinder findNearestMatch
INFO: Found CDP implementation for version 105 of 104
]]></system-err>
  </testcase>
  <testcase name="verify login button functionality with valid and invalid data #4" classname="Test HRM APP" time="7.553">
    <system-out><![CDATA[
@All @Risktesting
Scenario Outline: verify login button functionality with valid and invalid data # src/test/resources/hrm/hrmapp.feature:49
  Given user need to be HRM homepage                                            # hrmstepdefinations.ActionPage.user_need_to_be_hrm_homepage()
  When user enter orange hrm username as "Xyz"                                  # hrmstepdefinations.ActionPage.user_enter_orange_hrm_username_as(java.lang.String)
  And user enter orange hrm password as "xyz"                                   # hrmstepdefinations.ActionPage.user_enter_orange_hrm_password_as(java.lang.String)
  And click on login                                                            # hrmstepdefinations.ActionPage.click_on_login()
  Then verify result page must contain either error msg or employeelist url     # hrmstepdefinations.ActionPage.verify_result_page_must_contain_either_error_msg_or_employeelist_url()
]]></system-out>
    <system-err><![CDATA[Starting ChromeDriver 105.0.5195.52 (412c95e518836d8a7d97250d62b29c2ae6a26a85-refs/branch-heads/5195@{#853}) on port 59597
Only local connections are allowed.
Please see https://chromedriver.chromium.org/security-considerations for suggestions on keeping ChromeDriver safe.
ChromeDriver was started successfully.
Sep 12, 2022 9:51:28 PM org.openqa.selenium.remote.ProtocolHandshake createSession
INFO: Detected upstream dialect: W3C
Sep 12, 2022 9:51:28 PM org.openqa.selenium.devtools.CdpVersionFinder findNearestMatch
WARNING: Unable to find an exact match for CDP version 105, so returning the closest version found: 104
Sep 12, 2022 9:51:28 PM org.openqa.selenium.devtools.CdpVersionFinder findNearestMatch
INFO: Found CDP implementation for version 105 of 104
]]></system-err>
  </testcase>
  <testcase name="forcefully making failed" classname="Test HRM APP" time="5.336">
    <failure type="java.lang.AssertionError"><![CDATA[java.lang.AssertionError
	at org.junit.Assert.fail(Assert.java:87)
	at org.junit.Assert.assertTrue(Assert.java:42)
	at org.junit.Assert.assertTrue(Assert.java:53)
	at hrmstepdefinations.ActionPage.verifyoutput(ActionPage.java:156)
	at ✽.verifyoutput(file:///D:/core%20java/OrangeHRM2/src/test/resources/hrm/hrmapp.feature:51)
]]></failure>
    <system-out><![CDATA[
@All
Scenario: forcefully making failed   # src/test/resources/hrm/hrmapp.feature:50
  Given user need to be HRM homepage # hrmstepdefinations.ActionPage.user_need_to_be_hrm_homepage()
  When verifyoutput                  # hrmstepdefinations.ActionPage.verifyoutput()
      java.lang.AssertionError
	at org.junit.Assert.fail(Assert.java:87)
	at org.junit.Assert.assertTrue(Assert.java:42)
	at org.junit.Assert.assertTrue(Assert.java:53)
	at hrmstepdefinations.ActionPage.verifyoutput(ActionPage.java:156)
	at âœ½.verifyoutput(file:///D:/core%20java/OrangeHRM2/src/test/resources/hrm/hrmapp.feature:51)

]]></system-out>
    <system-err><![CDATA[Starting ChromeDriver 105.0.5195.52 (412c95e518836d8a7d97250d62b29c2ae6a26a85-refs/branch-heads/5195@{#853}) on port 55873
Only local connections are allowed.
Please see https://chromedriver.chromium.org/security-considerations for suggestions on keeping ChromeDriver safe.
ChromeDriver was started successfully.
Sep 12, 2022 9:51:35 PM org.openqa.selenium.remote.ProtocolHandshake createSession
INFO: Detected upstream dialect: W3C
Sep 12, 2022 9:51:35 PM org.openqa.selenium.devtools.CdpVersionFinder findNearestMatch
WARNING: Unable to find an exact match for CDP version 105, so returning the closest version found: 104
Sep 12, 2022 9:51:35 PM org.openqa.selenium.devtools.CdpVersionFinder findNearestMatch
INFO: Found CDP implementation for version 105 of 104
]]></system-err>
  </testcase>
  <testcase name="forcefully making failed 2" classname="Test HRM APP" time="5.127">
    <failure type="java.lang.AssertionError"><![CDATA[java.lang.AssertionError
	at org.junit.Assert.fail(Assert.java:87)
	at org.junit.Assert.assertTrue(Assert.java:42)
	at org.junit.Assert.assertTrue(Assert.java:53)
	at hrmstepdefinations.ActionPage.verifyoutput(ActionPage.java:156)
	at ✽.verifyoutput(file:///D:/core%20java/OrangeHRM2/src/test/resources/hrm/hrmapp.feature:53)
]]></failure>
    <system-out><![CDATA[
@All
Scenario: forcefully making failed 2 # src/test/resources/hrm/hrmapp.feature:52
  Given user need to be HRM homepage # hrmstepdefinations.ActionPage.user_need_to_be_hrm_homepage()
  When verifyoutput                  # hrmstepdefinations.ActionPage.verifyoutput()
      java.lang.AssertionError
	at org.junit.Assert.fail(Assert.java:87)
	at org.junit.Assert.assertTrue(Assert.java:42)
	at org.junit.Assert.assertTrue(Assert.java:53)
	at hrmstepdefinations.ActionPage.verifyoutput(ActionPage.java:156)
	at âœ½.verifyoutput(file:///D:/core%20java/OrangeHRM2/src/test/resources/hrm/hrmapp.feature:53)

]]></system-out>
    <system-err><![CDATA[Starting ChromeDriver 105.0.5195.52 (412c95e518836d8a7d97250d62b29c2ae6a26a85-refs/branch-heads/5195@{#853}) on port 53904
Only local connections are allowed.
Please see https://chromedriver.chromium.org/security-considerations for suggestions on keeping ChromeDriver safe.
ChromeDriver was started successfully.
Sep 12, 2022 9:51:41 PM org.openqa.selenium.remote.ProtocolHandshake createSession
INFO: Detected upstream dialect: W3C
Sep 12, 2022 9:51:41 PM org.openqa.selenium.devtools.CdpVersionFinder findNearestMatch
WARNING: Unable to find an exact match for CDP version 105, so returning the closest version found: 104
Sep 12, 2022 9:51:41 PM org.openqa.selenium.devtools.CdpVersionFinder findNearestMatch
INFO: Found CDP implementation for version 105 of 104
]]></system-err>
  </testcase>
</testsuite>